[2023-04-23T08:22:03.509+0000] {taskinstance.py:1090} INFO - Dependencies all met for dep_context=non-requeueable deps ti=<TaskInstance: data_extraction_dag.task_leaders manual__2023-04-23T08:21:50.408798+00:00 [queued]>
[2023-04-23T08:22:03.528+0000] {taskinstance.py:1090} INFO - Dependencies all met for dep_context=requeueable deps ti=<TaskInstance: data_extraction_dag.task_leaders manual__2023-04-23T08:21:50.408798+00:00 [queued]>
[2023-04-23T08:22:03.530+0000] {taskinstance.py:1288} INFO - 
--------------------------------------------------------------------------------
[2023-04-23T08:22:03.532+0000] {taskinstance.py:1289} INFO - Starting attempt 1 of 3
[2023-04-23T08:22:03.533+0000] {taskinstance.py:1290} INFO - 
--------------------------------------------------------------------------------
[2023-04-23T08:22:03.556+0000] {taskinstance.py:1309} INFO - Executing <Task(_PythonDecoratedOperator): task_leaders> on 2023-04-23 08:21:50.408798+00:00
[2023-04-23T08:22:03.625+0000] {standard_task_runner.py:55} INFO - Started process 3315 to run task
[2023-04-23T08:22:03.640+0000] {standard_task_runner.py:82} INFO - Running: ['***', 'tasks', 'run', 'data_extraction_dag', 'task_leaders', 'manual__2023-04-23T08:21:50.408798+00:00', '--job-id', '996', '--raw', '--subdir', 'DAGS_FOLDER/data_ingestion.py', '--cfg-path', '/tmp/tmppfmlkhtx']
[2023-04-23T08:22:03.656+0000] {standard_task_runner.py:83} INFO - Job 996: Subtask task_leaders
[2023-04-23T08:22:03.791+0000] {task_command.py:389} INFO - Running <TaskInstance: data_extraction_dag.task_leaders manual__2023-04-23T08:21:50.408798+00:00 [running]> on host 235fa867d994
[2023-04-23T08:22:03.900+0000] {taskinstance.py:1516} INFO - Exporting the following env vars:
AIRFLOW_CTX_DAG_OWNER=***
AIRFLOW_CTX_DAG_ID=data_extraction_dag
AIRFLOW_CTX_TASK_ID=task_leaders
AIRFLOW_CTX_EXECUTION_DATE=2023-04-23T08:21:50.408798+00:00
AIRFLOW_CTX_TRY_NUMBER=1
AIRFLOW_CTX_DAG_RUN_ID=manual__2023-04-23T08:21:50.408798+00:00
[2023-04-23T08:22:03.905+0000] {logging_mixin.py:137} INFO - Fetching for leaders started
[2023-04-23T08:22:06.249+0000] {taskinstance.py:1776} ERROR - Task failed with exception
Traceback (most recent call last):
  File "/home/airflow/.local/lib/python3.9/site-packages/requests/models.py", line 971, in json
    return complexjson.loads(self.text, **kwargs)
  File "/usr/local/lib/python3.9/json/__init__.py", line 346, in loads
    return _default_decoder.decode(s)
  File "/usr/local/lib/python3.9/json/decoder.py", line 337, in decode
    obj, end = self.raw_decode(s, idx=_w(s, 0).end())
  File "/usr/local/lib/python3.9/json/decoder.py", line 355, in raw_decode
    raise JSONDecodeError("Expecting value", s, err.value) from None
json.decoder.JSONDecodeError: Expecting value: line 1 column 1 (char 0)

During handling of the above exception, another exception occurred:

Traceback (most recent call last):
  File "/home/airflow/.local/lib/python3.9/site-packages/airflow/decorators/base.py", line 217, in execute
    return_value = super().execute(context)
  File "/home/airflow/.local/lib/python3.9/site-packages/airflow/operators/python.py", line 175, in execute
    return_value = self.execute_callable()
  File "/home/airflow/.local/lib/python3.9/site-packages/airflow/operators/python.py", line 192, in execute_callable
    return self.python_callable(*self.op_args, **self.op_kwargs)
  File "/opt/airflow/dags/data_ingestion.py", line 134, in task_leaders
    leaders=get_leaders(year,season_type).to_json()
  File "/opt/airflow/code/extraction_nfl.py", line 418, in get_leaders
    leaders=leaders.json()
  File "/home/airflow/.local/lib/python3.9/site-packages/requests/models.py", line 975, in json
    raise RequestsJSONDecodeError(e.msg, e.doc, e.pos)
requests.exceptions.JSONDecodeError: Expecting value: line 1 column 1 (char 0)
[2023-04-23T08:22:06.279+0000] {taskinstance.py:1327} INFO - Marking task as UP_FOR_RETRY. dag_id=data_extraction_dag, task_id=task_leaders, execution_date=20230423T082150, start_date=20230423T082203, end_date=20230423T082206
[2023-04-23T08:22:06.301+0000] {standard_task_runner.py:100} ERROR - Failed to execute job 996 for task task_leaders (Expecting value: line 1 column 1 (char 0); 3315)
[2023-04-23T08:22:06.343+0000] {local_task_job.py:212} INFO - Task exited with return code 1
[2023-04-23T08:22:06.436+0000] {taskinstance.py:2596} INFO - 0 downstream tasks scheduled from follow-on schedule check
