[2023-04-12T06:46:54.197+0000] {taskinstance.py:1090} INFO - Dependencies all met for dep_context=non-requeueable deps ti=<TaskInstance: data_extraction_dag.load_to_gcs manual__2023-04-12T05:46:33.697967+00:00 [queued]>
[2023-04-12T06:46:54.212+0000] {taskinstance.py:1090} INFO - Dependencies all met for dep_context=requeueable deps ti=<TaskInstance: data_extraction_dag.load_to_gcs manual__2023-04-12T05:46:33.697967+00:00 [queued]>
[2023-04-12T06:46:54.213+0000] {taskinstance.py:1288} INFO - 
--------------------------------------------------------------------------------
[2023-04-12T06:46:54.214+0000] {taskinstance.py:1289} INFO - Starting attempt 15 of 16
[2023-04-12T06:46:54.215+0000] {taskinstance.py:1290} INFO - 
--------------------------------------------------------------------------------
[2023-04-12T06:46:54.233+0000] {taskinstance.py:1309} INFO - Executing <Task(_PythonDecoratedOperator): load_to_gcs> on 2023-04-12 05:46:33.697967+00:00
[2023-04-12T06:46:54.243+0000] {standard_task_runner.py:55} INFO - Started process 2525 to run task
[2023-04-12T06:46:54.250+0000] {standard_task_runner.py:82} INFO - Running: ['***', 'tasks', 'run', 'data_extraction_dag', 'load_to_gcs', 'manual__2023-04-12T05:46:33.697967+00:00', '--job-id', '467', '--raw', '--subdir', 'DAGS_FOLDER/data_ingestion.py', '--cfg-path', '/tmp/tmpvevkcg4t']
[2023-04-12T06:46:54.265+0000] {standard_task_runner.py:83} INFO - Job 467: Subtask load_to_gcs
[2023-04-12T06:46:54.459+0000] {task_command.py:389} INFO - Running <TaskInstance: data_extraction_dag.load_to_gcs manual__2023-04-12T05:46:33.697967+00:00 [running]> on host a073412e57f0
[2023-04-12T06:46:54.688+0000] {taskinstance.py:1776} ERROR - Task failed with exception
Traceback (most recent call last):
  File "/home/airflow/.local/lib/python3.9/site-packages/sqlalchemy/engine/base.py", line 1900, in _execute_context
    self.dialect.do_execute(
  File "/home/airflow/.local/lib/python3.9/site-packages/sqlalchemy/engine/default.py", line 736, in do_execute
    cursor.execute(statement, parameters)
psycopg2.errors.InvalidTextRepresentation: invalid input syntax for type json
LINE 1: ...rendered_task_instance_fields SET rendered_fields='{"templat...
                                                             ^
DETAIL:  Token "NaN" is invalid.
CONTEXT:  JSON data, line 1: ...ons", "18": "Browns", "19": "Seahawks", "20": NaN...


The above exception was the direct cause of the following exception:

Traceback (most recent call last):
  File "/home/airflow/.local/lib/python3.9/site-packages/airflow/models/taskinstance.py", line 1383, in _run_raw_task
    self._execute_task_with_callbacks(context, test_mode)
  File "/home/airflow/.local/lib/python3.9/site-packages/airflow/models/taskinstance.py", line 1505, in _execute_task_with_callbacks
    RenderedTaskInstanceFields.write(rtif)
  File "/home/airflow/.local/lib/python3.9/site-packages/airflow/utils/session.py", line 75, in wrapper
    return func(*args, session=session, **kwargs)
  File "/usr/local/lib/python3.9/contextlib.py", line 126, in __exit__
    next(self.gen)
  File "/home/airflow/.local/lib/python3.9/site-packages/airflow/utils/session.py", line 36, in create_session
    session.commit()
  File "/home/airflow/.local/lib/python3.9/site-packages/sqlalchemy/orm/session.py", line 1451, in commit
    self._transaction.commit(_to_root=self.future)
  File "/home/airflow/.local/lib/python3.9/site-packages/sqlalchemy/orm/session.py", line 829, in commit
    self._prepare_impl()
  File "/home/airflow/.local/lib/python3.9/site-packages/sqlalchemy/orm/session.py", line 808, in _prepare_impl
    self.session.flush()
  File "/home/airflow/.local/lib/python3.9/site-packages/sqlalchemy/orm/session.py", line 3446, in flush
    self._flush(objects)
  File "/home/airflow/.local/lib/python3.9/site-packages/sqlalchemy/orm/session.py", line 3586, in _flush
    transaction.rollback(_capture_exception=True)
  File "/home/airflow/.local/lib/python3.9/site-packages/sqlalchemy/util/langhelpers.py", line 70, in __exit__
    compat.raise_(
  File "/home/airflow/.local/lib/python3.9/site-packages/sqlalchemy/util/compat.py", line 211, in raise_
    raise exception
  File "/home/airflow/.local/lib/python3.9/site-packages/sqlalchemy/orm/session.py", line 3546, in _flush
    flush_context.execute()
  File "/home/airflow/.local/lib/python3.9/site-packages/sqlalchemy/orm/unitofwork.py", line 456, in execute
    rec.execute(self)
  File "/home/airflow/.local/lib/python3.9/site-packages/sqlalchemy/orm/unitofwork.py", line 630, in execute
    util.preloaded.orm_persistence.save_obj(
  File "/home/airflow/.local/lib/python3.9/site-packages/sqlalchemy/orm/persistence.py", line 237, in save_obj
    _emit_update_statements(
  File "/home/airflow/.local/lib/python3.9/site-packages/sqlalchemy/orm/persistence.py", line 1001, in _emit_update_statements
    c = connection._execute_20(
  File "/home/airflow/.local/lib/python3.9/site-packages/sqlalchemy/engine/base.py", line 1705, in _execute_20
    return meth(self, args_10style, kwargs_10style, execution_options)
  File "/home/airflow/.local/lib/python3.9/site-packages/sqlalchemy/sql/elements.py", line 334, in _execute_on_connection
    return connection._execute_clauseelement(
  File "/home/airflow/.local/lib/python3.9/site-packages/sqlalchemy/engine/base.py", line 1572, in _execute_clauseelement
    ret = self._execute_context(
  File "/home/airflow/.local/lib/python3.9/site-packages/sqlalchemy/engine/base.py", line 1943, in _execute_context
    self._handle_dbapi_exception(
  File "/home/airflow/.local/lib/python3.9/site-packages/sqlalchemy/engine/base.py", line 2124, in _handle_dbapi_exception
    util.raise_(
  File "/home/airflow/.local/lib/python3.9/site-packages/sqlalchemy/util/compat.py", line 211, in raise_
    raise exception
  File "/home/airflow/.local/lib/python3.9/site-packages/sqlalchemy/engine/base.py", line 1900, in _execute_context
    self.dialect.do_execute(
  File "/home/airflow/.local/lib/python3.9/site-packages/sqlalchemy/engine/default.py", line 736, in do_execute
    cursor.execute(statement, parameters)
sqlalchemy.exc.DataError: (psycopg2.errors.InvalidTextRepresentation) invalid input syntax for type json
LINE 1: ...rendered_task_instance_fields SET rendered_fields='{"templat...
                                                             ^
DETAIL:  Token "NaN" is invalid.
CONTEXT:  JSON data, line 1: ...ons", "18": "Browns", "19": "Seahawks", "20": NaN...

[SQL: UPDATE rendered_task_instance_fields SET rendered_fields=%(rendered_fields)s WHERE rendered_task_instance_fields.dag_id = %(rendered_task_instance_fields_dag_id)s AND rendered_task_instance_fields.task_id = %(rendered_task_instance_fields_task_id)s AND rendered_task_instance_fields.run_id = %(rendered_task_instance_fields_run_id)s AND rendered_task_instance_fields.map_index = %(rendered_task_instance_fields_map_index)s]
[parameters: {'rendered_fields': '{"templates_dict": null, "op_args": [[{"$ref": {"0": "http://sports.core.api.espn.com/v2/sports/football/leagues/nfl/seasons/2020/teams/17?lang=en&re ... (173924 characters truncated) ... "30": "https://a.espncdn.com/i/teamlogos/nfl/500/buf.png", "31": "https://a.espncdn.com/i/teamlogos/nfl/500/cin.png"}}], ["teams"]], "op_kwargs": {}}', 'rendered_task_instance_fields_dag_id': 'data_extraction_dag', 'rendered_task_instance_fields_task_id': 'load_to_gcs', 'rendered_task_instance_fields_run_id': 'manual__2023-04-12T05:46:33.697967+00:00', 'rendered_task_instance_fields_map_index': -1}]
(Background on this error at: https://sqlalche.me/e/14/9h9h)
[2023-04-12T06:46:54.711+0000] {taskinstance.py:1327} INFO - Marking task as UP_FOR_RETRY. dag_id=data_extraction_dag, task_id=load_to_gcs, execution_date=20230412T054633, start_date=20230412T064654, end_date=20230412T064654
[2023-04-12T06:46:54.750+0000] {standard_task_runner.py:100} ERROR - Failed to execute job 467 for task load_to_gcs ((psycopg2.errors.InvalidTextRepresentation) invalid input syntax for type json
LINE 1: ...rendered_task_instance_fields SET rendered_fields='{"templat...
                                                             ^
DETAIL:  Token "NaN" is invalid.
CONTEXT:  JSON data, line 1: ...ons", "18": "Browns", "19": "Seahawks", "20": NaN...

[SQL: UPDATE rendered_task_instance_fields SET rendered_fields=%(rendered_fields)s WHERE rendered_task_instance_fields.dag_id = %(rendered_task_instance_fields_dag_id)s AND rendered_task_instance_fields.task_id = %(rendered_task_instance_fields_task_id)s AND rendered_task_instance_fields.run_id = %(rendered_task_instance_fields_run_id)s AND rendered_task_instance_fields.map_index = %(rendered_task_instance_fields_map_index)s]
[parameters: {'rendered_fields': '{"templates_dict": null, "op_args": [[{"$ref": {"0": "http://sports.core.api.espn.com/v2/sports/football/leagues/nfl/seasons/2020/teams/17?lang=en&re ... (173924 characters truncated) ... "30": "https://a.espncdn.com/i/teamlogos/nfl/500/buf.png", "31": "https://a.espncdn.com/i/teamlogos/nfl/500/cin.png"}}], ["teams"]], "op_kwargs": {}}', 'rendered_task_instance_fields_dag_id': 'data_extraction_dag', 'rendered_task_instance_fields_task_id': 'load_to_gcs', 'rendered_task_instance_fields_run_id': 'manual__2023-04-12T05:46:33.697967+00:00', 'rendered_task_instance_fields_map_index': -1}]
(Background on this error at: https://sqlalche.me/e/14/9h9h); 2525)
[2023-04-12T06:46:54.790+0000] {local_task_job.py:212} INFO - Task exited with return code 1
[2023-04-12T06:46:54.809+0000] {taskinstance.py:2596} INFO - 0 downstream tasks scheduled from follow-on schedule check
